<?xml version="1.0" encoding="UTF-8"?>
<!-- Generated by org.testng.reporters.JUnitXMLReporter -->
<testsuite hostname="DESKTOP-P9BO3Q7" name="Test" tests="3" failures="0" timestamp="28 Aug 2018 15:19:20 GMT" time="73.741" errors="0">
  <testcase name="validateFnameState" time="0.064" classname="com.freecrm.qa.testcases.NewContactsPageTest"/>
  <testcase name="validateLnameState" time="0.054" classname="com.freecrm.qa.testcases.NewContactsPageTest"/>
  <testcase name="createNewContact" time="5.139" classname="com.freecrm.qa.testcases.NewContactsPageTest"/>
</testsuite> <!-- Test -->
