<?xml version="1.0" encoding="UTF-8"?>
<!-- Generated by org.testng.reporters.JUnitXMLReporter -->
<testsuite hostname="DESKTOP-P9BO3Q7" name="Test" tests="3" failures="0" timestamp="30 Aug 2018 02:37:49 GMT" time="84.486" errors="0">
  <testcase name="validateFnameState" time="0.088" classname="com.freecrm.qa.testcases.NewContactsPageTest"/>
  <testcase name="validateLnameState" time="0.051" classname="com.freecrm.qa.testcases.NewContactsPageTest"/>
  <testcase name="createNewContact" time="5.282" classname="com.freecrm.qa.testcases.NewContactsPageTest"/>
</testsuite> <!-- Test -->
