<?xml version="1.0" encoding="UTF-8"?>
<testsuite xmlns:xsi="http://www.w3.org/2001/XMLSchema-instance" xsi:schemaLocation="https://maven.apache.org/surefire/maven-surefire-plugin/xsd/surefire-test-report.xsd" name="TestSuite" time="86.903" tests="3" errors="0" skipped="0" failures="0">
  <properties>
[...]
</properties>
  <testcase name="validateFnameState" classname="com.freecrm.qa.testcases.NewContactsPageTest" time="0.087"/>
  <testcase name="validateLnameState" classname="com.freecrm.qa.testcases.NewContactsPageTest" time="0.051"/>
  <testcase name="createNewContact" classname="com.freecrm.qa.testcases.NewContactsPageTest" time="5.283"/>
</testsuite>